20220912	13:12:20	330bcef8-1051-4ff5-9880-b932f84f6cca	GET	/api/v1/products	undefined
20220912	13:21:05	f52dc854-d608-4e2a-a85e-73b298a692ae	GET	/api/v1/products	undefined
20220912	15:43:54	b209f7a9-366e-4d7f-a7b6-051e7f08f535	GET	/api/v1/products	undefined
20220912	15:44:02	54845403-a704-48fa-91ba-089b4c732034	GET	/api/v1/products/static	undefined
20220912	15:46:05	674d573c-d950-4e34-85b5-d5e93d403278	GET	/api/v1/products/static	undefined
20220912	15:47:47	fc09b92a-7e8f-4edd-8ed8-649b34f6b440	GET	/api/v1/products/static	undefined
20220912	16:02:49	0907d70e-e340-4a92-ae4a-8c6ed22d3391	GET	/api/v1/products?featured=true	undefined
20220912	16:03:20	85faba2b-94a4-4ac2-9ddd-ff138e7e456b	GET	/api/v1/products?featured=true	undefined
20220912	16:38:47	c467516c-bbc8-47d7-b6a9-f1d1e2641ce1	GET	/api/v1/products?featured=true	undefined
20220912	16:39:15	48a1d6b1-2ce0-4033-b24d-07ce3e45f5eb	GET	/api/v1/products?page=2	undefined
20220912	17:01:47	306f4831-9675-43d3-a71d-a7af3f990244	GET	/api/v1/products?page=2&company=ikea	undefined
20220912	17:15:22	49171eeb-43fc-4625-b9e9-f77fc5cc38b8	GET	/api/v1/products?page=2&company=ikea&name=b	undefined
20220912	17:15:46	4f9f1d9b-0bff-4fd4-a9a5-bb52ba7cfef0	GET	/api/v1/products?page=2&company=ikea&name=be	undefined
20220912	17:17:02	3251221c-911c-44a1-b5f8-9017a589723e	GET	/api/v1/products?company=ikea&name=be&featured=false	undefined
20220912	18:34:10	3a9935c1-e1de-4232-acf4-3674aee95beb	GET	/api/v1/products?sort=name	undefined
20220912	18:34:59	210360af-9817-487f-af2f-005d8567efef	GET	/api/v1/products?sort=-name	undefined
20220912	18:36:12	5c069794-3c9b-48fe-b9fd-dbb39f6646fb	GET	/api/v1/products?sort=-price	undefined
20220912	18:36:44	92c0d457-1be3-4827-8bec-4c8dab8ecb57	GET	/api/v1/products	undefined
20220912	18:40:30	43832dfd-bab9-4ec4-866b-eaf98cdcd7fd	GET	/api/v1/products	undefined
20220912	18:41:26	61a04f52-831d-4a99-94ff-54aa46a44441	GET	/api/v1/products	undefined
20220912	18:42:25	4882ff6d-0f07-4241-9a6d-19579ea57dc2	GET	/api/v1/products	undefined
20220912	18:42:43	82b2b2cc-e61a-4e7b-828f-0305f193886a	GET	/api/v1/products	undefined
20220912	18:46:06	fc5b55dd-6078-4bc8-9ac0-2ee604b320b3	GET	/api/v1/products/static	undefined
20220912	19:00:12	040ee120-d02a-40ef-a1a7-668c9322c715	GET	/api/v1/products?sort=name%20-price	undefined
20220912	19:00:36	2e8737bb-2d3d-43fe-8b22-b135cdb2b0e0	GET	/api/v1/products?sort=name%20-price	undefined
20220912	19:01:02	be944e8c-9162-4876-a0be-6acacdff3f1d	GET	/api/v1/products?sort=name%20-price	undefined
20220912	19:01:55	14977048-0a57-456b-930c-4a0c2a6e1e17	GET	/api/v1/products?sort=-price	undefined
20220912	19:02:31	584828c9-9393-4ca8-8d37-bb58c1263380	GET	/api/v1/products?sort=name%20price	undefined
20220912	20:36:41	372a65a1-bae7-41ee-b9ff-0cddbec3aa55	GET	/api/v1/products/static	undefined
20220912	20:38:14	bb3b60cc-26b8-4499-92b1-d02419dc8e78	GET	/api/v1/products/static	undefined
